<?xml version="1.0" encoding="UTF-8"?>
<!-- Generated by org.testng.reporters.JUnitXMLReporter -->
<testsuite ignored="0" hostname="WKWIN2804049" failures="1" tests="2" name="Test" time="17.897" errors="0" timestamp="03 Jun 2022 09:36:25 GMT">
  <testcase classname="com.testng.TestNgTestOne" name="f" time="2.756">
    <failure type="java.lang.ArithmeticException" message="/ by zero">
      <![CDATA[java.lang.ArithmeticException: / by zero
at com.testng.TestNgTestOne.f(TestNgTestOne.java:17)
at java.base/java.util.concurrent.ThreadPoolExecutor.runWorker(ThreadPoolExecutor.java:1136)
at java.base/java.util.concurrent.ThreadPoolExecutor$Worker.run(ThreadPoolExecutor.java:635)
at java.base/java.lang.Thread.run(Thread.java:833)
... Removed 10 stack frames]]>
    </failure>
  </testcase> <!-- f -->
  <testcase classname="com.testng.TestNgTestTwo" name="f" time="6.896"/>
</testsuite> <!-- Test -->
